Outcash (Sin blanca) version 0.1
Initializing systems and modules
All system and modules initialized
Loading game resources
Game resources loaded
SFX voice 0 allocated to soundcard voice 0
SFX voice 1 allocated to soundcard voice 1
SFX system initialized
Adding numObject 7 to inventory array position 0
Game initialized
Stopping midi
Load music data file object
Play midi music
Exiting game
Freeing game resources
Destroying data file index
Unloading data files
Unloading fonts
Unload music data file object
Game resources free completed
Destroy PLAYER system
PLAYER system destroyed
Destroy INVENTORY system
Destroy INVENTORY system
Destroy GUI system
Destroy GUI system
Destroy SFX system
SFX system destroyed
Quit allegro modules
Game played for: 00h 00m
